{
"level":"info",
"message":"Server started",
"timestamp":"2026-06-22 14:54:38"
}
{"level":"info","message":"Server started","timestamp":"2026-06-22 14:54:59"}
{"level":"info","message":"Server started","timestamp":"2026-06-22 14:59:31"}
{"level":"info","message":"Server started","timestamp":"2026-06-22 14:59:31"}
{"level":"info","message":"Server started","timestamp":"2026-06-22 14:59:35"}
{"level":"info","message":"Server started","timestamp":"2026-06-22 14:59:35"}
{"level":"info","message":"Server started","timestamp":"2026-06-22 14:59:37"}
{"level":"info","message":"Server started","timestamp":"2026-06-22 14:59:37"}
{"level":"info","message":"Server started","timestamp":"2026-06-22 14:59:41"}
{"level":"info","message":"Server started","timestamp":"2026-06-22 14:59:41"}
{"level":"info","message":"Server started","timestamp":"2026-06-22 14:59:44"}
{"level":"info","message":"Server started","timestamp":"2026-06-22 15:01:43"}
{"level":"info","message":"Server started","timestamp":"2026-06-22 15:01:43"}
{"level":"info","message":"Server started","timestamp":"2026-06-22 15:01:43"}
{"level":"info","message":"Server started","timestamp":"2026-06-22 15:01:59"}
{"level":"info","message":"Server started","timestamp":"2026-06-22 15:01:59"}
{"level":"info","message":"Server started","timestamp":"2026-06-22 15:01:59"}
{
"level":"info",
"message":"MongoDB Connected successfully to: ac-n99nso3-shard-00-02.tzf4wfz.mongodb.net",
"timestamp":"2026-06-22 15:02:00"
}

{"level":"info","message":"MongoDB Connected successfully to: ac-n99nso3-shard-00-02.tzf4wfz.mongodb.net","timestamp":"2026-06-22 15:02:00"}
{"level":"info","message":"MongoDB Connected successfully to: ac-n99nso3-shard-00-02.tzf4wfz.mongodb.net","timestamp":"2026-06-22 15:02:00"}
{"level":"info","message":"Server started","timestamp":"2026-06-22 15:02:24"}
{"level":"info","message":"MongoDB Connected successfully to: ac-n99nso3-shard-00-02.tzf4wfz.mongodb.net","timestamp":"2026-06-22 15:02:24"}
{"level":"info","message":"Server started","timestamp":"2026-06-22 15:03:52"}
